0 verbose cli /usr/local/bin/node /usr/local/bin/npm
1 info using npm@10.9.2
2 info using node@v22.14.0
3 silly config load:file:/usr/local/lib/node_modules/npm/npmrc
4 silly config load:file:/Users/millie/Library/Caches/typescript/5.8/.npmrc
5 silly config load:file:/Users/millie/.npmrc
6 silly config load:file:/usr/local/etc/npmrc
7 verbose title npm install types-registry@latest
8 verbose argv "install" "--ignore-scripts" "types-registry@latest"
9 verbose logfile logs-max:10 dir:/Users/millie/.npm/_logs/2025-04-16T10_40_57_607Z-
10 verbose logfile /Users/millie/.npm/_logs/2025-04-16T10_40_57_607Z-debug-0.log
11 silly logfile start cleaning logs, removing 1 files
12 silly packumentCache heap:2197815296 maxSize:549453824 maxEntrySize:274726912
13 silly logfile done cleaning log files
14 silly packumentCache corgi:https://registry.npmjs.org/types-registry cache-miss
15 http fetch GET 200 https://registry.npmjs.org/types-registry 249ms (cache updated)
16 silly packumentCache corgi:https://registry.npmjs.org/types-registry set size:undefined disposed:false
17 silly idealTree buildDeps
18 silly fetch manifest types-registry@0.1.716
19 silly packumentCache full:https://registry.npmjs.org/types-registry cache-miss
20 http fetch GET 200 https://registry.npmjs.org/types-registry 99ms (cache updated)
21 silly packumentCache full:https://registry.npmjs.org/types-registry set size:undefined disposed:false
22 silly placeDep ROOT types-registry@0.1.716 REPLACE for:  want: 0.1.716
23 silly reify moves {}
24 silly audit bulk request {
24 silly audit   '@types/better-sqlite3': [ '7.6.13' ],
24 silly audit   '@types/body-parser': [ '1.19.5' ],
24 silly audit   '@types/connect': [ '3.4.38' ],
24 silly audit   '@types/express': [ '5.0.1' ],
24 silly audit   '@types/express-serve-static-core': [ '5.0.6' ],
24 silly audit   '@types/http-errors': [ '2.0.4' ],
24 silly audit   '@types/mime': [ '1.3.5' ],
24 silly audit   '@types/node': [ '22.14.0' ],
24 silly audit   '@types/qs': [ '6.9.18' ],
24 silly audit   '@types/range-parser': [ '1.2.7' ],
24 silly audit   '@types/send': [ '0.17.4' ],
24 silly audit   '@types/serve-static': [ '1.15.7' ],
24 silly audit   'undici-types': [ '6.21.0' ],
24 silly audit   'types-registry': [ '0.1.716' ]
24 silly audit }
25 http fetch POST 200 https://registry.npmjs.org/-/npm/v1/security/advisories/bulk 247ms
26 silly audit report {}
27 verbose cwd /Users/millie/Library/Caches/typescript/5.8
28 verbose os Darwin 23.5.0
29 verbose node v22.14.0
30 verbose npm  v10.9.2
31 verbose exit 0
32 info ok
