0 verbose cli /usr/local/bin/node /usr/local/bin/npm
1 info using npm@10.9.2
2 info using node@v22.14.0
3 silly config load:file:/usr/local/lib/node_modules/npm/npmrc
4 silly config load:file:/Users/millie/Library/Caches/typescript/5.8/.npmrc
5 silly config load:file:/Users/millie/.npmrc
6 silly config load:file:/usr/local/etc/npmrc
7 verbose title npm install @types/better-sqlite3@ts5.8 @types/express@ts5.8
8 verbose argv "install" "--ignore-scripts" "@types/better-sqlite3@ts5.8" "@types/express@ts5.8" "--save-dev" "--user-agent" "typesInstaller/5.8.2"
9 verbose logfile logs-max:10 dir:/Users/millie/.npm/_logs/2025-04-16T10_40_58_768Z-
10 verbose logfile /Users/millie/.npm/_logs/2025-04-16T10_40_58_768Z-debug-0.log
11 silly logfile start cleaning logs, removing 1 files
12 silly packumentCache heap:2197815296 maxSize:549453824 maxEntrySize:274726912
13 silly logfile done cleaning log files
14 silly packumentCache corgi:https://registry.npmjs.org/@types%2fbetter-sqlite3 cache-miss
15 silly packumentCache corgi:https://registry.npmjs.org/@types%2fexpress cache-miss
16 http fetch GET 200 https://registry.npmjs.org/@types%2fexpress 151ms (cache updated)
17 silly packumentCache corgi:https://registry.npmjs.org/@types%2fexpress set size:undefined disposed:false
18 http fetch GET 200 https://registry.npmjs.org/@types%2fbetter-sqlite3 186ms (cache updated)
19 silly packumentCache corgi:https://registry.npmjs.org/@types%2fbetter-sqlite3 set size:undefined disposed:false
20 silly idealTree buildDeps
21 silly fetch manifest @types/better-sqlite3@7.6.13
22 silly packumentCache full:https://registry.npmjs.org/@types%2fbetter-sqlite3 cache-miss
23 http fetch GET 200 https://registry.npmjs.org/@types%2fbetter-sqlite3 191ms (cache updated)
24 silly packumentCache full:https://registry.npmjs.org/@types%2fbetter-sqlite3 set size:undefined disposed:false
25 silly fetch manifest @types/express@5.0.1
26 silly packumentCache full:https://registry.npmjs.org/@types%2fexpress cache-miss
27 http fetch GET 200 https://registry.npmjs.org/@types%2fexpress 104ms (cache updated)
28 silly packumentCache full:https://registry.npmjs.org/@types%2fexpress set size:undefined disposed:false
29 silly placeDep ROOT @types/better-sqlite3@7.6.13 REPLACE for:  want: 7.6.13
30 silly placeDep ROOT @types/express@5.0.1 REPLACE for:  want: 5.0.1
31 silly reify moves {}
32 silly audit bulk request {
32 silly audit   '@types/body-parser': [ '1.19.5' ],
32 silly audit   '@types/connect': [ '3.4.38' ],
32 silly audit   '@types/express-serve-static-core': [ '5.0.6' ],
32 silly audit   '@types/http-errors': [ '2.0.4' ],
32 silly audit   '@types/mime': [ '1.3.5' ],
32 silly audit   '@types/node': [ '22.14.0' ],
32 silly audit   '@types/qs': [ '6.9.18' ],
32 silly audit   '@types/range-parser': [ '1.2.7' ],
32 silly audit   '@types/send': [ '0.17.4' ],
32 silly audit   '@types/serve-static': [ '1.15.7' ],
32 silly audit   'types-registry': [ '0.1.716' ],
32 silly audit   'undici-types': [ '6.21.0' ],
32 silly audit   '@types/better-sqlite3': [ '7.6.13' ],
32 silly audit   '@types/express': [ '5.0.1' ]
32 silly audit }
33 http fetch POST 200 https://registry.npmjs.org/-/npm/v1/security/advisories/bulk 275ms
34 silly audit report {}
35 verbose cwd /Users/millie/Library/Caches/typescript/5.8
36 verbose os Darwin 23.5.0
37 verbose node v22.14.0
38 verbose npm  v10.9.2
39 verbose exit 0
40 info ok
