0 verbose cli /usr/local/bin/node /usr/local/bin/npm
1 info using npm@10.9.2
2 info using node@v22.14.0
3 silly config load:file:/usr/local/lib/node_modules/npm/npmrc
4 silly config load:file:/Users/millie/Desktop/Kopia-statistics-template-7 2/.npmrc
5 silly config load:file:/Users/millie/.npmrc
6 silly config load:file:/usr/local/etc/npmrc
7 verbose title npm install
8 verbose argv "install"
9 verbose logfile logs-max:10 dir:/Users/millie/.npm/_logs/2025-04-16T10_10_55_156Z-
10 verbose logfile /Users/millie/.npm/_logs/2025-04-16T10_10_55_156Z-debug-0.log
11 silly logfile start cleaning logs, removing 1 files
12 silly packumentCache heap:2197815296 maxSize:549453824 maxEntrySize:274726912
13 silly logfile done cleaning log files
14 silly idealTree buildDeps
15 silly reify moves {}
16 silly audit bulk request {
16 silly audit   '@mongodb-js/saslprep': [ '1.2.2' ],
16 silly audit   '@types/webidl-conversions': [ '7.0.3' ],
16 silly audit   '@types/whatwg-url': [ '11.0.5' ],
16 silly audit   accepts: [ '1.3.8' ],
16 silly audit   anymatch: [ '3.1.3' ],
16 silly audit   'array-flatten': [ '1.1.1' ],
16 silly audit   'aws-ssl-profiles': [ '1.1.2' ],
16 silly audit   'balanced-match': [ '1.0.2' ],
16 silly audit   'base64-js': [ '1.5.1' ],
16 silly audit   'better-sqlite3': [ '11.9.1' ],
16 silly audit   'binary-extensions': [ '2.3.0' ],
16 silly audit   bindings: [ '1.5.0' ],
16 silly audit   bl: [ '4.1.0' ],
16 silly audit   buffer: [ '5.7.1', '6.0.3' ],
16 silly audit   'body-parser': [ '1.20.3' ],
16 silly audit   'brace-expansion': [ '1.1.11' ],
16 silly audit   braces: [ '3.0.3' ],
16 silly audit   bson: [ '6.10.3' ],
16 silly audit   bytes: [ '3.1.2' ],
16 silly audit   'call-bind-apply-helpers': [ '1.0.2' ],
16 silly audit   'call-bound': [ '1.0.4' ],
16 silly audit   chokidar: [ '3.6.0' ],
16 silly audit   chownr: [ '1.1.4' ],
16 silly audit   'concat-map': [ '0.0.1' ],
16 silly audit   'content-disposition': [ '0.5.4' ],
16 silly audit   'content-type': [ '1.0.5' ],
16 silly audit   cookie: [ '0.7.1' ],
16 silly audit   'cookie-signature': [ '1.0.6' ],
16 silly audit   debug: [ '2.6.9', '4.4.0' ],
16 silly audit   'decompress-response': [ '6.0.0' ],
16 silly audit   'deep-extend': [ '0.6.0' ],
16 silly audit   denque: [ '2.1.0' ],
16 silly audit   depd: [ '2.0.0' ],
16 silly audit   destroy: [ '1.2.0' ],
16 silly audit   'detect-libc': [ '2.0.3' ],
16 silly audit   'dunder-proto': [ '1.0.1' ],
16 silly audit   'ee-first': [ '1.1.1' ],
16 silly audit   encodeurl: [ '2.0.0', '1.0.2' ],
16 silly audit   'end-of-stream': [ '1.4.4' ],
16 silly audit   'es-define-property': [ '1.0.1' ],
16 silly audit   'es-errors': [ '1.3.0' ],
16 silly audit   'es-object-atoms': [ '1.1.1' ],
16 silly audit   'escape-html': [ '1.0.3' ],
16 silly audit   etag: [ '1.8.1' ],
16 silly audit   'expand-template': [ '2.0.3' ],
16 silly audit   express: [ '4.21.2' ],
16 silly audit   'file-uri-to-path': [ '1.0.0' ],
16 silly audit   'fill-range': [ '7.1.1' ],
16 silly audit   finalhandler: [ '1.3.1' ],
16 silly audit   forwarded: [ '0.2.0' ],
16 silly audit   fresh: [ '0.5.2' ],
16 silly audit   'fs-constants': [ '1.0.0' ],
16 silly audit   fsevents: [ '2.3.3' ],
16 silly audit   'function-bind': [ '1.1.2' ],
16 silly audit   'generate-function': [ '2.3.1' ],
16 silly audit   'get-intrinsic': [ '1.3.0' ],
16 silly audit   'get-proto': [ '1.0.1' ],
16 silly audit   'github-from-package': [ '0.0.0' ],
16 silly audit   'glob-parent': [ '5.1.2' ],
16 silly audit   gopd: [ '1.2.0' ],
16 silly audit   'has-flag': [ '3.0.0' ],
16 silly audit   'has-symbols': [ '1.1.0' ],
16 silly audit   hasown: [ '2.0.2' ],
16 silly audit   'http-errors': [ '2.0.0' ],
16 silly audit   'iconv-lite': [ '0.4.24', '0.6.3' ],
16 silly audit   ieee754: [ '1.2.1' ],
16 silly audit   'ignore-by-default': [ '1.0.1' ],
16 silly audit   inherits: [ '2.0.4' ],
16 silly audit   ini: [ '1.3.8' ],
16 silly audit   'ipaddr.js': [ '1.9.1' ],
16 silly audit   'is-binary-path': [ '2.1.0' ],
16 silly audit   'is-extglob': [ '2.1.1' ],
16 silly audit   'is-glob': [ '4.0.3' ],
16 silly audit   'is-number': [ '7.0.0' ],
16 silly audit   'is-property': [ '1.0.2' ],
16 silly audit   long: [ '5.3.1' ],
16 silly audit   'lru-cache': [ '7.18.3' ],
16 silly audit   'lru.min': [ '1.1.2' ],
16 silly audit   'math-intrinsics': [ '1.1.0' ],
16 silly audit   'media-typer': [ '0.3.0' ],
16 silly audit   'memory-pager': [ '1.5.0' ],
16 silly audit   'merge-descriptors': [ '1.0.3' ],
16 silly audit   methods: [ '1.1.2' ],
16 silly audit   mime: [ '1.6.0' ],
16 silly audit   'mime-db': [ '1.52.0' ],
16 silly audit   'mime-types': [ '2.1.35' ],
16 silly audit   'mimic-response': [ '3.1.0' ],
16 silly audit   minimatch: [ '3.1.2' ],
16 silly audit   minimist: [ '1.2.8' ],
16 silly audit   'mkdirp-classic': [ '0.5.3' ],
16 silly audit   mongodb: [ '6.15.0' ],
16 silly audit   'mongodb-connection-string-url': [ '3.0.2' ],
16 silly audit   ms: [ '2.0.0', '2.1.3' ],
16 silly audit   mysql2: [ '3.14.0' ],
16 silly audit   'named-placeholders': [ '1.1.3' ],
16 silly audit   'napi-build-utils': [ '2.0.0' ],
16 silly audit   negotiator: [ '0.6.3' ],
16 silly audit   'neo4j-driver': [ '5.28.1' ],
16 silly audit   'neo4j-driver-bolt-connection': [ '5.28.1' ],
16 silly audit   'neo4j-driver-core': [ '5.28.1' ],
16 silly audit   'node-abi': [ '3.74.0' ],
16 silly audit   nodemon: [ '3.1.9' ],
16 silly audit   'normalize-path': [ '3.0.0' ],
16 silly audit   'object-inspect': [ '1.13.4' ],
16 silly audit   'on-finished': [ '2.4.1' ],
16 silly audit   once: [ '1.4.0' ],
16 silly audit   parseurl: [ '1.3.3' ],
16 silly audit   'path-to-regexp': [ '0.1.12' ],
16 silly audit   picomatch: [ '2.3.1' ],
16 silly audit   'prebuild-install': [ '7.1.3' ],
16 silly audit   'proxy-addr': [ '2.0.7' ],
16 silly audit   'pstree.remy': [ '1.1.8' ],
16 silly audit   pump: [ '3.0.2' ],
16 silly audit   punycode: [ '2.3.1' ],
16 silly audit   qs: [ '6.13.0' ],
16 silly audit   'range-parser': [ '1.2.1' ],
16 silly audit   'raw-body': [ '2.5.2' ],
16 silly audit   rc: [ '1.2.8' ],
16 silly audit   'readable-stream': [ '3.6.2' ],
16 silly audit   readdirp: [ '3.6.0' ],
16 silly audit   rxjs: [ '7.8.2' ],
16 silly audit   'safe-buffer': [ '5.2.1' ],
16 silly audit   'safer-buffer': [ '2.1.2' ],
16 silly audit   semver: [ '7.7.1' ],
16 silly audit   send: [ '0.19.0' ],
16 silly audit   'seq-queue': [ '0.0.5' ],
16 silly audit   'serve-static': [ '1.16.2' ],
16 silly audit   setprototypeof: [ '1.2.0' ],
16 silly audit   'side-channel': [ '1.1.0' ],
16 silly audit   'side-channel-list': [ '1.0.0' ],
16 silly audit   'side-channel-map': [ '1.0.1' ],
16 silly audit   'side-channel-weakmap': [ '1.0.2' ],
16 silly audit   'simple-concat': [ '1.0.1' ],
16 silly audit   'simple-get': [ '4.0.1' ],
16 silly audit   'simple-update-notifier': [ '2.0.0' ],
16 silly audit   'sparse-bitfield': [ '3.0.3' ],
16 silly audit   sqlstring: [ '2.3.3' ],
16 silly audit   statuses: [ '2.0.1' ],
16 silly audit   string_decoder: [ '1.3.0' ],
16 silly audit   'strip-json-comments': [ '2.0.1' ],
16 silly audit   'supports-color': [ '5.5.0' ],
16 silly audit   'tar-fs': [ '2.1.2' ],
16 silly audit   'tar-stream': [ '2.2.0' ],
16 silly audit   'to-regex-range': [ '5.0.1' ],
16 silly audit   toidentifier: [ '1.0.1' ],
16 silly audit   touch: [ '3.1.1' ],
16 silly audit   tr46: [ '5.1.0' ],
16 silly audit   tslib: [ '2.8.1' ],
16 silly audit   'tunnel-agent': [ '0.6.0' ],
16 silly audit   'type-is': [ '1.6.18' ],
16 silly audit   undefsafe: [ '2.0.5' ],
16 silly audit   unpipe: [ '1.0.0' ],
16 silly audit   'util-deprecate': [ '1.0.2' ],
16 silly audit   'utils-merge': [ '1.0.1' ],
16 silly audit   vary: [ '1.1.2' ],
16 silly audit   'webidl-conversions': [ '7.0.0' ],
16 silly audit   'whatwg-url': [ '14.2.0' ],
16 silly audit   wrappy: [ '1.0.2' ]
16 silly audit }
17 http fetch POST 200 https://registry.npmjs.org/-/npm/v1/security/advisories/bulk 418ms
18 silly audit report {}
19 verbose cwd /Users/millie/Desktop/Kopia-statistics-template-7 2
20 verbose os Darwin 23.5.0
21 verbose node v22.14.0
22 verbose npm  v10.9.2
23 verbose exit 0
24 info ok
